
Showing logs for build [32mcb-kubecd-environment-pr-1297-2-f4bvx-1[0m stage [32mfrom-build-pack[0m and container [32mstep-credential-initializer-2rhlk[0m
{"level":"warn","ts":1584728897.7826521,"logger":"fallback-logger","caller":"logging/config.go:69","msg":"Fetch GitHub commit ID from kodata failed: \"ref: refs/heads/0.8.0-**-support-backwards-incompats\" is not a valid GitHub commit ID"}
{"level":"info","ts":1584728897.7850106,"logger":"fallback-logger","caller":"creds-init/main.go:40","msg":"Credentials initialized."}

Showing logs for build [32mcb-kubecd-environment-pr-1297-2-f4bvx-1[0m stage [32mfrom-build-pack[0m and container [32mstep-working-dir-initializer-hkjfz[0m
{"level":"warn","ts":1584728899.3111882,"logger":"fallback-logger","caller":"logging/config.go:69","msg":"Fetch GitHub commit ID from kodata failed: open /var/run/ko/HEAD: no such file or directory"}
{"level":"info","ts":1584728899.315309,"logger":"fallback-logger","caller":"bash/main.go:64","msg":"Successfully executed command \"sh -c mkdir -p /workspace/source\"; output "}

Showing logs for build [32mcb-kubecd-environment-pr-1297-2-f4bvx-1[0m stage [32mfrom-build-pack[0m and container [32mstep-place-tools[0m

Showing logs for build [32mcb-kubecd-environment-pr-1297-2-f4bvx-1[0m stage [32mfrom-build-pack[0m and container [32mstep-git-source-cb-kubecd-environment-pr-1297-2-f4bvx-pwn25[0m
{"level":"warn","ts":1584728905.6187356,"logger":"fallback-logger","caller":"logging/config.go:69","msg":"Fetch GitHub commit ID from kodata failed: \"ref: refs/heads/0.8.0-**-support-backwards-incompats\" is not a valid GitHub commit ID"}
{"level":"info","ts":1584728906.7655017,"logger":"fallback-logger","caller":"git/git.go:103","msg":"Successfully cloned https://github.com/cb-kubecd/environment-pr-1297-2-bdd-frontend-staging.git @ master in path /workspace/source"}

Showing logs for build [32mcb-kubecd-environment-pr-1297-2-f4bvx-1[0m stage [32mfrom-build-pack[0m and container [32mstep-git-merge[0m
Using SHAs from PULL_REFS=master:e0b3f0d36d8d9402ae5824058e0d79787043ee06,1:ae17ffd54f0adc7f3572332ada0598ce50b41530
DEBUG: LC_ALL=C JX_LOG_LEVEL=error git fetch origin --unshallow ae17ffd54f0adc7f3572332ada0598ce50b41530: e0b3f0d36d8d9402ae5824058e0d79787043ee06:
DEBUG: ran git fetch --unshallow origin ae17ffd54f0adc7f3572332ada0598ce50b41530: e0b3f0d36d8d9402ae5824058e0d79787043ee06: in 
DEBUG: JX_LOG_LEVEL=error LC_ALL=C git branch
DEBUG: LC_ALL=C JX_LOG_LEVEL=error git checkout master
DEBUG: ran git checkout master in 
DEBUG: LC_ALL=C JX_LOG_LEVEL=error git reset --hard e0b3f0d36d8d9402ae5824058e0d79787043ee06
DEBUG: ran git reset --hard e0b3f0d36d8d9402ae5824058e0d79787043ee06 in 
DEBUG: JX_LOG_LEVEL=error LC_ALL=C git clean -fd .
DEBUG: ran clean --force -d . in 
DEBUG: LC_ALL=C JX_LOG_LEVEL=error git merge ae17ffd54f0adc7f3572332ada0598ce50b41530
DEBUG: ran git merge ae17ffd54f0adc7f3572332ada0598ce50b41530 in 
DEBUG: LC_ALL=C JX_LOG_LEVEL=error git log --format=%H%x1f%an%x1f%ae%x1f%cn%x1f%ce%x1f%s%n%b%x1e e0b3f0d36d8d9402ae5824058e0d79787043ee06..HEAD
Merged SHA ae17ffd54f0adc7f3572332ada0598ce50b41530 with commit message 'chore: Promote bdd-nh-1584727956 to version 0.0.1' into base branch master

Showing logs for build [32mcb-kubecd-environment-pr-1297-2-f4bvx-1[0m stage [32mfrom-build-pack[0m and container [32mstep-build-helm-build[0m
WARNING: No $CHART_REPOSITORY defined so using the default value of: http://jenkins-x-chartmuseum:8080
Adding missing Helm repo: storage.googleapis.com https://storage.googleapis.com/chartmuseum.jenkins-x.io
WARNING: No secrets found on "helm/repos" due: reading the secret "helm/repos" from vault: no secret "helm/repos" not found in vault
Read credentials for https://storage.googleapis.com/chartmuseum.jenkins-x.io from vault helm/repos
Successfully added Helm repository storage.googleapis.com.
Adding missing Helm repo: jenkins-x-chartmuseum http://jenkins-x-chartmuseum:8080
WARNING: No secrets found on "helm/repos" due: reading the secret "helm/repos" from vault: no secret "helm/repos" not found in vault
Read credentials for http://jenkins-x-chartmuseum:8080 from vault helm/repos
Successfully added Helm repository jenkins-x-chartmuseum.
WARNING: No $CHART_REPOSITORY defined so using the default value of: http://jenkins-x-chartmuseum:8080
Adding missing Helm repo: chartmuseum.jenkins-x.io http://chartmuseum.jenkins-x.io
WARNING: No secrets found on "helm/repos" due: reading the secret "helm/repos" from vault: no secret "helm/repos" not found in vault
Read credentials for http://chartmuseum.jenkins-x.io from vault helm/repos
Successfully added Helm repository chartmuseum.jenkins-x.io.
